<?xml version="1.0" encoding="UTF-8"?>
<testsuite name="demo.BasketWeightCalculatorSpec" tests="3" skipped="0" failures="0" errors="0" timestamp="2019-03-07T09:58:04" hostname="shivam" time="0.007">
  <properties/>
  <testcase name="one-item" classname="demo.BasketWeightCalculatorSpec" time="0.005"/>
  <testcase name="two-items" classname="demo.BasketWeightCalculatorSpec" time="0.0"/>
  <testcase name="order-of-items-does-not-matter" classname="demo.BasketWeightCalculatorSpec" time="0.001"/>
  <system-out><![CDATA[]]></system-out>
  <system-err><![CDATA[]]></system-err>
</testsuite>
