<?xml version="1.0" encoding="UTF-8"?>
<testsuite name="demo.domain.OrderSpec" tests="5" skipped="0" failures="0" errors="0" timestamp="2019-03-07T09:58:04" hostname="shivam" time="0.016">
  <properties/>
  <testcase name="Constructor" classname="demo.domain.OrderSpec" time="0.004"/>
  <testcase name="SetQuantity" classname="demo.domain.OrderSpec" time="0.003"/>
  <testcase name="SetItemName" classname="demo.domain.OrderSpec" time="0.003"/>
  <testcase name="SetPrice" classname="demo.domain.OrderSpec" time="0.002"/>
  <testcase name="SetPriceWithTex" classname="demo.domain.OrderSpec" time="0.003"/>
  <system-out><![CDATA[]]></system-out>
  <system-err><![CDATA[]]></system-err>
</testsuite>
